<?xml version="1.0" encoding="UTF-8"?>
<testng-results ignored="0" total="1" passed="1" failed="0" skipped="0">
  <reporter-output>
  </reporter-output>
  <suite started-at="2021-02-26T14:18:34Z" name="Default suite" finished-at="2021-02-26T14:19:57Z" duration-ms="83125">
    <groups>
    </groups>
    <test started-at="2021-02-26T14:18:34Z" name="Default test" finished-at="2021-02-26T14:19:57Z" duration-ms="83125">
      <class name="com.autodesk.testproject.CreateFolderTestJobReport">
        <test-method is-config="true" signature="configBeforeSuite()[pri:0, instance:com.autodesk.testproject.CreateFolderTestJobReport@7d3a22a9]" started-at="2021-02-26T14:18:34Z" name="configBeforeSuite" finished-at="2021-02-26T14:18:34Z" duration-ms="13" status="PASS">
          <reporter-output>
          </reporter-output>
        </test-method> <!-- configBeforeSuite -->
        <test-method is-config="true" signature="configBeforeTest()[pri:0, instance:com.autodesk.testproject.CreateFolderTestJobReport@7d3a22a9]" started-at="2021-02-26T14:18:34Z" name="configBeforeTest" finished-at="2021-02-26T14:18:34Z" duration-ms="1" status="PASS">
          <reporter-output>
          </reporter-output>
        </test-method> <!-- configBeforeTest -->
        <test-method is-config="true" signature="configBeforeClass()[pri:0, instance:com.autodesk.testproject.CreateFolderTestJobReport@7d3a22a9]" started-at="2021-02-26T14:18:34Z" name="configBeforeClass" finished-at="2021-02-26T14:18:34Z" duration-ms="1" status="PASS">
          <reporter-output>
          </reporter-output>
        </test-method> <!-- configBeforeClass -->
        <test-method is-config="true" signature="configBeforeMethod()[pri:0, instance:com.autodesk.testproject.CreateFolderTestJobReport@7d3a22a9]" started-at="2021-02-26T14:18:34Z" name="configBeforeMethod" finished-at="2021-02-26T14:18:49Z" duration-ms="14558" status="PASS">
          <reporter-output>
          </reporter-output>
        </test-method> <!-- configBeforeMethod -->
        <test-method signature="createFolderTestJobReport()[pri:0, instance:com.autodesk.testproject.CreateFolderTestJobReport@7d3a22a9]" started-at="2021-02-26T14:18:49Z" name="createFolderTestJobReport" finished-at="2021-02-26T14:19:57Z" duration-ms="68322" status="PASS">
          <reporter-output>
          </reporter-output>
        </test-method> <!-- createFolderTestJobReport -->
        <test-method is-config="true" signature="configAfterMethod()[pri:0, instance:com.autodesk.testproject.CreateFolderTestJobReport@7d3a22a9]" started-at="2021-02-26T14:19:57Z" name="configAfterMethod" finished-at="2021-02-26T14:19:57Z" duration-ms="0" status="PASS">
          <reporter-output>
          </reporter-output>
        </test-method> <!-- configAfterMethod -->
        <test-method is-config="true" signature="configAfterClass()[pri:0, instance:com.autodesk.testproject.CreateFolderTestJobReport@7d3a22a9]" started-at="2021-02-26T14:19:57Z" name="configAfterClass" finished-at="2021-02-26T14:19:57Z" duration-ms="0" status="PASS">
          <reporter-output>
          </reporter-output>
        </test-method> <!-- configAfterClass -->
        <test-method is-config="true" signature="configAfterTest()[pri:0, instance:com.autodesk.testproject.CreateFolderTestJobReport@7d3a22a9]" started-at="2021-02-26T14:19:57Z" name="configAfterTest" finished-at="2021-02-26T14:19:57Z" duration-ms="1" status="PASS">
          <reporter-output>
          </reporter-output>
        </test-method> <!-- configAfterTest -->
        <test-method is-config="true" signature="configAfterSuite()[pri:0, instance:com.autodesk.testproject.CreateFolderTestJobReport@7d3a22a9]" started-at="2021-02-26T14:19:58Z" name="configAfterSuite" finished-at="2021-02-26T14:19:58Z" duration-ms="1" status="PASS">
          <reporter-output>
          </reporter-output>
        </test-method> <!-- configAfterSuite -->
      </class> <!-- com.autodesk.testproject.CreateFolderTestJobReport -->
    </test> <!-- Default test -->
  </suite> <!-- Default suite -->
</testng-results>
